<?xml version="1.0" encoding="UTF-8"?>
<!-- Generated by org.testng.reporters.JUnitReportReporter -->
<testsuite skipped="0" hostname="pc" name="com.mytestapp.Amazon_BestSeller" tests="1" failures="0" timestamp="2020-04-15T16:08:18 IST" time="4.899" errors="0">
  <testcase name="Best_Sellers" time="4.899" classname="com.mytestapp.Amazon_BestSeller"/>
  <system-out/>
</testsuite> <!-- com.mytestapp.Amazon_BestSeller -->
