<?xml version="1.0" encoding="UTF-8"?>
<!-- Generated by org.testng.reporters.JUnitReportReporter -->
<testsuite skipped="0" hostname="pc" name="com.mytestapp.Amazon_footer_links" tests="1" failures="0" timestamp="2020-04-15T16:08:18 IST" time="10.769" errors="0">
  <testcase name="footer_Elements" time="10.769" classname="com.mytestapp.Amazon_footer_links"/>
  <system-out/>
</testsuite> <!-- com.mytestapp.Amazon_footer_links -->
